{
  "stats": {
    "suites": 1,
    "tests": 1,
    "passes": 1,
    "pending": 0,
    "failures": 0,
    "start": "2018-09-17T13:17:19.475Z",
    "end": "2018-09-17T13:17:25.876Z",
    "duration": 6401,
    "testsRegistered": 1,
    "passPercent": 100,
    "pendingPercent": 0,
    "other": 0,
    "hasOther": false,
    "skipped": 0,
    "hasSkipped": false,
    "passPercentClass": "success",
    "pendingPercentClass": "danger"
  },
  "suites": {
    "title": "",
    "suites": [
      {
        "title": "End to End scenarios ",
        "suites": [],
        "tests": [
          {
            "title": "Check Tip Negative Submission and Do it Again",
            "fullTitle": "End to End scenarios  Check Tip Negative Submission and Do it Again",
            "timedOut": false,
            "duration": 4822,
            "state": "passed",
            "speed": "medium",
            "pass": true,
            "fail": false,
            "pending": false,
            "code": "if(driver.findElement(By.xpath(fetch['searchheaderone'])).isDisplayed()) {\n                element.all(by.css(fetch['searchfield'])).each(function (field, index) {\n                    field.getText().then(function (text) {\n                        logger.info(index, text);\n                    });\n                });\n                let search = driver.findElement(By.css(fetch['valinput']));\n                search.clear();\n                search.sendKeys(fetch['searchval']);\n                runjs(driver.findElement(By.css(fetch['searchbutton'])));\n          }\n          element.all(by.css(fetch['allgifs'])).each(function (item, index) {\n                    // driver.sleep(9000);\n                    capture(\"allgifs\");\n                    if(index == 0){\n                       item.getWebElement().click();\n                      // logger.info(\"Selected a gif\");\n                      capture(\"onegif\");\n                }\n            });\n          element(by.css(fetch['continuebutton'])).click();\n          capture(\"continueclick\");\n          if(element(by.css(fetch['tiphone'])).isDisplayed()) {\n                 // logger.info(\"About to give tip\");\n                let tipamt = casual.integer(-1000, 0);\n                logger.info(\"Tip Negative >>> \"+tipamt);\n                driver.findElement(By.css(fetch['userinputfield'])).sendKeys(tipamt);\n                element.all(by.css(fetch['buttons'])).each(function (button, index) {\n                    // logger.info(\"Fetch buttons\"+index);\n                    if (index == 1 ) {\n                        runjs(button.getWebElement());\n                        // logger.info(\"Gave a tip of \"+fetch['five']);\n                        capture(\"tipsubmit\"+tipamt);\n                    }\n                });\n          }\n          element.all(by.css(fetch['amountcard'])).each(function(element, index) {\n                // Will print 0 First, 1 Second, 2 Third.\n                capture(\"finalcard\");\n                element.getText().then(function (text) {\n                    if(index == 0) {\n                          // logger.info(\"Doing it again\");\n                         element.click();\n                    }\n                });\n            });",
            "err": {},
            "isRoot": false,
            "uuid": "5a0d963d-f8cf-4725-8c31-acd74f7cd9ef",
            "parentUUID": "3d3ecf33-5ddb-41dd-aae9-070f70f86bc4",
            "isHook": false,
            "skipped": false
          }
        ],
        "pending": [],
        "root": false,
        "_timeout": 100000,
        "file": "/tests/streamtiptests.js",
        "uuid": "3d3ecf33-5ddb-41dd-aae9-070f70f86bc4",
        "beforeHooks": [
          {
            "title": "\"before each\" hook: ret",
            "fullTitle": "End to End scenarios  \"before each\" hook: ret",
            "timedOut": false,
            "duration": 1566,
            "pass": false,
            "fail": false,
            "pending": false,
            "code": "browser.waitForAngularEnabled(false);\n        driver.get(env.host['url']);\n        login(fetch['uid'], fetch['pwd']);",
            "err": {},
            "isRoot": false,
            "uuid": "6d288cf3-b40e-46e1-a946-3c77f2622325",
            "parentUUID": "3d3ecf33-5ddb-41dd-aae9-070f70f86bc4",
            "isHook": true,
            "skipped": false
          }
        ],
        "afterHooks": [],
        "fullFile": "/Users/bijuj/PycharmProjects/septjs/StreamTipTests/StreamTipTests/tests/streamtiptests.js",
        "passes": [
          {
            "title": "Check Tip Negative Submission and Do it Again",
            "fullTitle": "End to End scenarios  Check Tip Negative Submission and Do it Again",
            "timedOut": false,
            "duration": 4822,
            "state": "passed",
            "speed": "medium",
            "pass": true,
            "fail": false,
            "pending": false,
            "code": "if(driver.findElement(By.xpath(fetch['searchheaderone'])).isDisplayed()) {\n                element.all(by.css(fetch['searchfield'])).each(function (field, index) {\n                    field.getText().then(function (text) {\n                        logger.info(index, text);\n                    });\n                });\n                let search = driver.findElement(By.css(fetch['valinput']));\n                search.clear();\n                search.sendKeys(fetch['searchval']);\n                runjs(driver.findElement(By.css(fetch['searchbutton'])));\n          }\n          element.all(by.css(fetch['allgifs'])).each(function (item, index) {\n                    // driver.sleep(9000);\n                    capture(\"allgifs\");\n                    if(index == 0){\n                       item.getWebElement().click();\n                      // logger.info(\"Selected a gif\");\n                      capture(\"onegif\");\n                }\n            });\n          element(by.css(fetch['continuebutton'])).click();\n          capture(\"continueclick\");\n          if(element(by.css(fetch['tiphone'])).isDisplayed()) {\n                 // logger.info(\"About to give tip\");\n                let tipamt = casual.integer(-1000, 0);\n                logger.info(\"Tip Negative >>> \"+tipamt);\n                driver.findElement(By.css(fetch['userinputfield'])).sendKeys(tipamt);\n                element.all(by.css(fetch['buttons'])).each(function (button, index) {\n                    // logger.info(\"Fetch buttons\"+index);\n                    if (index == 1 ) {\n                        runjs(button.getWebElement());\n                        // logger.info(\"Gave a tip of \"+fetch['five']);\n                        capture(\"tipsubmit\"+tipamt);\n                    }\n                });\n          }\n          element.all(by.css(fetch['amountcard'])).each(function(element, index) {\n                // Will print 0 First, 1 Second, 2 Third.\n                capture(\"finalcard\");\n                element.getText().then(function (text) {\n                    if(index == 0) {\n                          // logger.info(\"Doing it again\");\n                         element.click();\n                    }\n                });\n            });",
            "err": {},
            "isRoot": false,
            "uuid": "5a0d963d-f8cf-4725-8c31-acd74f7cd9ef",
            "parentUUID": "3d3ecf33-5ddb-41dd-aae9-070f70f86bc4",
            "isHook": false,
            "skipped": false
          }
        ],
        "failures": [],
        "skipped": [],
        "hasBeforeHooks": true,
        "hasAfterHooks": false,
        "hasTests": true,
        "hasSuites": false,
        "totalTests": 1,
        "totalPasses": 1,
        "totalFailures": 0,
        "totalPending": 0,
        "totalSkipped": 0,
        "hasPasses": true,
        "hasFailures": false,
        "hasPending": false,
        "hasSkipped": false,
        "duration": 4822,
        "rootEmpty": false
      }
    ],
    "tests": [],
    "pending": [],
    "root": true,
    "_timeout": 100000,
    "uuid": "beb0fc6d-8335-4ad1-90b6-11cd019a6d64",
    "beforeHooks": [],
    "afterHooks": [
      {
        "title": "\"after each\" hook: ret",
        "fullTitle": "\"after each\" hook: ret",
        "timedOut": false,
        "duration": 1,
        "pass": false,
        "fail": false,
        "pending": false,
        "code": "if (hooks.afterEach) { \n  return hooks.afterEach();\n}",
        "err": {},
        "isRoot": true,
        "uuid": "c07b1b40-7696-4073-b9ad-9bfec010dd6a",
        "parentUUID": "beb0fc6d-8335-4ad1-90b6-11cd019a6d64",
        "isHook": true,
        "skipped": false
      }
    ],
    "fullFile": "",
    "file": "",
    "passes": [],
    "failures": [],
    "skipped": [],
    "hasBeforeHooks": false,
    "hasAfterHooks": true,
    "hasTests": false,
    "hasSuites": true,
    "totalTests": 0,
    "totalPasses": 0,
    "totalFailures": 0,
    "totalPending": 0,
    "totalSkipped": 0,
    "hasPasses": false,
    "hasFailures": false,
    "hasPending": false,
    "hasSkipped": false,
    "duration": 0,
    "rootEmpty": true
  },
  "allTests": [
    {
      "title": "Check Tip Negative Submission and Do it Again",
      "fullTitle": "End to End scenarios  Check Tip Negative Submission and Do it Again",
      "timedOut": false,
      "duration": 4822,
      "state": "passed",
      "speed": "medium",
      "pass": true,
      "fail": false,
      "pending": false,
      "code": "if(driver.findElement(By.xpath(fetch['searchheaderone'])).isDisplayed()) {\n                element.all(by.css(fetch['searchfield'])).each(function (field, index) {\n                    field.getText().then(function (text) {\n                        logger.info(index, text);\n                    });\n                });\n                let search = driver.findElement(By.css(fetch['valinput']));\n                search.clear();\n                search.sendKeys(fetch['searchval']);\n                runjs(driver.findElement(By.css(fetch['searchbutton'])));\n          }\n          element.all(by.css(fetch['allgifs'])).each(function (item, index) {\n                    // driver.sleep(9000);\n                    capture(\"allgifs\");\n                    if(index == 0){\n                       item.getWebElement().click();\n                      // logger.info(\"Selected a gif\");\n                      capture(\"onegif\");\n                }\n            });\n          element(by.css(fetch['continuebutton'])).click();\n          capture(\"continueclick\");\n          if(element(by.css(fetch['tiphone'])).isDisplayed()) {\n                 // logger.info(\"About to give tip\");\n                let tipamt = casual.integer(-1000, 0);\n                logger.info(\"Tip Negative >>> \"+tipamt);\n                driver.findElement(By.css(fetch['userinputfield'])).sendKeys(tipamt);\n                element.all(by.css(fetch['buttons'])).each(function (button, index) {\n                    // logger.info(\"Fetch buttons\"+index);\n                    if (index == 1 ) {\n                        runjs(button.getWebElement());\n                        // logger.info(\"Gave a tip of \"+fetch['five']);\n                        capture(\"tipsubmit\"+tipamt);\n                    }\n                });\n          }\n          element.all(by.css(fetch['amountcard'])).each(function(element, index) {\n                // Will print 0 First, 1 Second, 2 Third.\n                capture(\"finalcard\");\n                element.getText().then(function (text) {\n                    if(index == 0) {\n                          // logger.info(\"Doing it again\");\n                         element.click();\n                    }\n                });\n            });",
      "err": {},
      "isRoot": false,
      "uuid": "5a0d963d-f8cf-4725-8c31-acd74f7cd9ef",
      "parentUUID": "3d3ecf33-5ddb-41dd-aae9-070f70f86bc4",
      "isHook": false,
      "skipped": false
    }
  ],
  "allPending": [],
  "allPasses": [
    {
      "title": "Check Tip Negative Submission and Do it Again",
      "fullTitle": "End to End scenarios  Check Tip Negative Submission and Do it Again",
      "timedOut": false,
      "duration": 4822,
      "state": "passed",
      "speed": "medium",
      "pass": true,
      "fail": false,
      "pending": false,
      "code": "if(driver.findElement(By.xpath(fetch['searchheaderone'])).isDisplayed()) {\n                element.all(by.css(fetch['searchfield'])).each(function (field, index) {\n                    field.getText().then(function (text) {\n                        logger.info(index, text);\n                    });\n                });\n                let search = driver.findElement(By.css(fetch['valinput']));\n                search.clear();\n                search.sendKeys(fetch['searchval']);\n                runjs(driver.findElement(By.css(fetch['searchbutton'])));\n          }\n          element.all(by.css(fetch['allgifs'])).each(function (item, index) {\n                    // driver.sleep(9000);\n                    capture(\"allgifs\");\n                    if(index == 0){\n                       item.getWebElement().click();\n                      // logger.info(\"Selected a gif\");\n                      capture(\"onegif\");\n                }\n            });\n          element(by.css(fetch['continuebutton'])).click();\n          capture(\"continueclick\");\n          if(element(by.css(fetch['tiphone'])).isDisplayed()) {\n                 // logger.info(\"About to give tip\");\n                let tipamt = casual.integer(-1000, 0);\n                logger.info(\"Tip Negative >>> \"+tipamt);\n                driver.findElement(By.css(fetch['userinputfield'])).sendKeys(tipamt);\n                element.all(by.css(fetch['buttons'])).each(function (button, index) {\n                    // logger.info(\"Fetch buttons\"+index);\n                    if (index == 1 ) {\n                        runjs(button.getWebElement());\n                        // logger.info(\"Gave a tip of \"+fetch['five']);\n                        capture(\"tipsubmit\"+tipamt);\n                    }\n                });\n          }\n          element.all(by.css(fetch['amountcard'])).each(function(element, index) {\n                // Will print 0 First, 1 Second, 2 Third.\n                capture(\"finalcard\");\n                element.getText().then(function (text) {\n                    if(index == 0) {\n                          // logger.info(\"Doing it again\");\n                         element.click();\n                    }\n                });\n            });",
      "err": {},
      "isRoot": false,
      "uuid": "5a0d963d-f8cf-4725-8c31-acd74f7cd9ef",
      "parentUUID": "3d3ecf33-5ddb-41dd-aae9-070f70f86bc4",
      "isHook": false,
      "skipped": false
    }
  ],
  "allFailures": [],
  "copyrightYear": 2018
}